  stdafx.cpp
  EBehaviorTree.cpp
C:\Users\samyn\OneDrive - Hogeschool West-Vlaanderen\Documenten\GitHub\ZombieGameAI\ZombieGame\project\EBehaviorTree.cpp(102,2): warning C4809: switch statement has redundant 'default' label; all possible 'case' labels are given
  InventoryManagement.cpp
  Plugin.cpp
C:\Users\samyn\OneDrive - Hogeschool West-Vlaanderen\Documenten\GitHub\ZombieGameAI\ZombieGame\project\Behaviors.h(565,20): warning C4018: '>=': signed/unsigned mismatch
  Steering.cpp
  SteeringBehaviors.cpp
  Timer.cpp
  WorldDivider.cpp
C:\Users\samyn\OneDrive - Hogeschool West-Vlaanderen\Documenten\GitHub\ZombieGameAI\ZombieGame\project\WorldDivider.cpp(20,33): warning C4018: '<': signed/unsigned mismatch
C:\Users\samyn\OneDrive - Hogeschool West-Vlaanderen\Documenten\GitHub\ZombieGameAI\ZombieGame\project\WorldDivider.cpp(22,34): warning C4018: '<': signed/unsigned mismatch
  Generating Code...
C:\Users\samyn\OneDrive - Hogeschool West-Vlaanderen\Documenten\GitHub\ZombieGameAI\ZombieGame\project\InventoryManagement.cpp(190): warning C4172: returning address of local variable or temporary: weapon
C:\Users\samyn\OneDrive - Hogeschool West-Vlaanderen\Documenten\GitHub\ZombieGameAI\ZombieGame\project\InventoryManagement.cpp(196): warning C4172: returning address of local variable or temporary: weapon
C:\Users\samyn\OneDrive - Hogeschool West-Vlaanderen\Documenten\GitHub\ZombieGameAI\ZombieGame\project\InventoryManagement.cpp(202): warning C4172: returning address of local variable or temporary: healing
C:\Users\samyn\OneDrive - Hogeschool West-Vlaanderen\Documenten\GitHub\ZombieGameAI\ZombieGame\project\InventoryManagement.cpp(208): warning C4172: returning address of local variable or temporary: food
  GPP_PluginBase.lib(IBaseInterface.obj) : MSIL .netmodule or module compiled with /GL found; restarting link with /LTCG; add /LTCG to the link command line to improve linker performance
     Creating library _Temp\Release\GPP_Plugin.lib and object _Temp\Release\GPP_Plugin.exp
  Generating code
  Finished generating code
  GPP_Exam.vcxproj -> C:\Users\samyn\OneDrive - Hogeschool West-Vlaanderen\Documenten\GitHub\ZombieGameAI\ZombieGame\_DEMO_RELEASE\GPP_Plugin.dll
