c:\users\samyn\onedrive - hogeschool west-vlaanderen\documenten\github\zombiegameai\zombiegame\project\_temp\release\gpp_plugin.pch
c:\users\samyn\onedrive - hogeschool west-vlaanderen\documenten\github\zombiegameai\zombiegame\project\_temp\release\stdafx.obj
c:\users\samyn\onedrive - hogeschool west-vlaanderen\documenten\github\zombiegameai\zombiegame\project\_temp\release\worlddivider.obj
c:\users\samyn\onedrive - hogeschool west-vlaanderen\documenten\github\zombiegameai\zombiegame\project\_temp\release\timer.obj
c:\users\samyn\onedrive - hogeschool west-vlaanderen\documenten\github\zombiegameai\zombiegame\project\_temp\release\steeringbehaviors.obj
c:\users\samyn\onedrive - hogeschool west-vlaanderen\documenten\github\zombiegameai\zombiegame\project\_temp\release\steering.obj
c:\users\samyn\onedrive - hogeschool west-vlaanderen\documenten\github\zombiegameai\zombiegame\project\_temp\release\plugin.obj
c:\users\samyn\onedrive - hogeschool west-vlaanderen\documenten\github\zombiegameai\zombiegame\project\_temp\release\inventorymanagement.obj
c:\users\samyn\onedrive - hogeschool west-vlaanderen\documenten\github\zombiegameai\zombiegame\project\_temp\release\ebehaviortree.obj
c:\users\samyn\onedrive - hogeschool west-vlaanderen\documenten\github\zombiegameai\zombiegame\_demo_release\gpp_plugin.dll
c:\users\samyn\onedrive - hogeschool west-vlaanderen\documenten\github\zombiegameai\zombiegame\project\_temp\release\gpp_plugin.pdb
c:\users\samyn\onedrive - hogeschool west-vlaanderen\documenten\github\zombiegameai\zombiegame\project\_temp\release\gpp_plugin.lib
c:\users\samyn\onedrive - hogeschool west-vlaanderen\documenten\github\zombiegameai\zombiegame\project\_temp\release\gpp_plugin.exp
c:\users\samyn\onedrive - hogeschool west-vlaanderen\documenten\github\zombiegameai\zombiegame\project\_temp\release\gpp_exam.tlog\cl.command.1.tlog
c:\users\samyn\onedrive - hogeschool west-vlaanderen\documenten\github\zombiegameai\zombiegame\project\_temp\release\gpp_exam.tlog\cl.read.1.tlog
c:\users\samyn\onedrive - hogeschool west-vlaanderen\documenten\github\zombiegameai\zombiegame\project\_temp\release\gpp_exam.tlog\cl.write.1.tlog
c:\users\samyn\onedrive - hogeschool west-vlaanderen\documenten\github\zombiegameai\zombiegame\project\_temp\release\gpp_exam.tlog\link.command.1.tlog
c:\users\samyn\onedrive - hogeschool west-vlaanderen\documenten\github\zombiegameai\zombiegame\project\_temp\release\gpp_exam.tlog\link.read.1.tlog
c:\users\samyn\onedrive - hogeschool west-vlaanderen\documenten\github\zombiegameai\zombiegame\project\_temp\release\gpp_exam.tlog\link.write.1.tlog
c:\users\samyn\onedrive - hogeschool west-vlaanderen\documenten\github\zombiegameai\zombiegame\project\_temp\release\gpp_exam.tlog\link.write.2u.tlog
