c:\users\samyn\onedrive - hogeschool west-vlaanderen\documenten\dae\sem_3\gameplay programming\exam\gpp_exam\gpp_exam\zombiegame\project\_temp\debug\gpp_plugin_d.pch
c:\users\samyn\onedrive - hogeschool west-vlaanderen\documenten\dae\sem_3\gameplay programming\exam\gpp_exam\gpp_exam\zombiegame\project\_temp\debug\vc143.pdb
c:\users\samyn\onedrive - hogeschool west-vlaanderen\documenten\dae\sem_3\gameplay programming\exam\gpp_exam\gpp_exam\zombiegame\project\_temp\debug\vc143.idb
c:\users\samyn\onedrive - hogeschool west-vlaanderen\documenten\dae\sem_3\gameplay programming\exam\gpp_exam\gpp_exam\zombiegame\project\_temp\debug\stdafx.obj
c:\users\samyn\onedrive - hogeschool west-vlaanderen\documenten\dae\sem_3\gameplay programming\exam\gpp_exam\gpp_exam\zombiegame\project\_temp\debug\worlddivider.obj
c:\users\samyn\onedrive - hogeschool west-vlaanderen\documenten\dae\sem_3\gameplay programming\exam\gpp_exam\gpp_exam\zombiegame\project\_temp\debug\timer.obj
c:\users\samyn\onedrive - hogeschool west-vlaanderen\documenten\dae\sem_3\gameplay programming\exam\gpp_exam\gpp_exam\zombiegame\project\_temp\debug\steeringbehaviors.obj
c:\users\samyn\onedrive - hogeschool west-vlaanderen\documenten\dae\sem_3\gameplay programming\exam\gpp_exam\gpp_exam\zombiegame\project\_temp\debug\steering.obj
c:\users\samyn\onedrive - hogeschool west-vlaanderen\documenten\dae\sem_3\gameplay programming\exam\gpp_exam\gpp_exam\zombiegame\project\_temp\debug\plugin.obj
c:\users\samyn\onedrive - hogeschool west-vlaanderen\documenten\dae\sem_3\gameplay programming\exam\gpp_exam\gpp_exam\zombiegame\project\_temp\debug\inventorymanagement.obj
c:\users\samyn\onedrive - hogeschool west-vlaanderen\documenten\dae\sem_3\gameplay programming\exam\gpp_exam\gpp_exam\zombiegame\project\_temp\debug\ebehaviortree.obj
c:\users\samyn\onedrive - hogeschool west-vlaanderen\documenten\dae\sem_3\gameplay programming\exam\gpp_exam\gpp_exam\zombiegame\project\_temp\debug\gpp_plugin_d.ilk
c:\users\samyn\onedrive - hogeschool west-vlaanderen\documenten\dae\sem_3\gameplay programming\exam\gpp_exam\gpp_exam\zombiegame\_demo_debug\gpp_plugin_d.dll
c:\users\samyn\onedrive - hogeschool west-vlaanderen\documenten\dae\sem_3\gameplay programming\exam\gpp_exam\gpp_exam\zombiegame\_demo_debug\gpp_plugin_d.pdb
c:\users\samyn\onedrive - hogeschool west-vlaanderen\documenten\dae\sem_3\gameplay programming\exam\gpp_exam\gpp_exam\zombiegame\_demo_debug\gpp_plugin_d.lib
c:\users\samyn\onedrive - hogeschool west-vlaanderen\documenten\dae\sem_3\gameplay programming\exam\gpp_exam\gpp_exam\zombiegame\_demo_debug\gpp_plugin_d.exp
c:\users\samyn\onedrive - hogeschool west-vlaanderen\documenten\dae\sem_3\gameplay programming\exam\gpp_exam\gpp_exam\zombiegame\project\..\_demo_debug\gpp_plugin_d.pdb
c:\users\samyn\onedrive - hogeschool west-vlaanderen\documenten\dae\sem_3\gameplay programming\exam\gpp_exam\gpp_exam\zombiegame\project\_temp\debug\gpp_exam.tlog\cl.command.1.tlog
c:\users\samyn\onedrive - hogeschool west-vlaanderen\documenten\dae\sem_3\gameplay programming\exam\gpp_exam\gpp_exam\zombiegame\project\_temp\debug\gpp_exam.tlog\cl.read.1.tlog
c:\users\samyn\onedrive - hogeschool west-vlaanderen\documenten\dae\sem_3\gameplay programming\exam\gpp_exam\gpp_exam\zombiegame\project\_temp\debug\gpp_exam.tlog\cl.write.1.tlog
c:\users\samyn\onedrive - hogeschool west-vlaanderen\documenten\dae\sem_3\gameplay programming\exam\gpp_exam\gpp_exam\zombiegame\project\_temp\debug\gpp_exam.tlog\link.command.1.tlog
c:\users\samyn\onedrive - hogeschool west-vlaanderen\documenten\dae\sem_3\gameplay programming\exam\gpp_exam\gpp_exam\zombiegame\project\_temp\debug\gpp_exam.tlog\link.read.1.tlog
c:\users\samyn\onedrive - hogeschool west-vlaanderen\documenten\dae\sem_3\gameplay programming\exam\gpp_exam\gpp_exam\zombiegame\project\_temp\debug\gpp_exam.tlog\link.write.1.tlog
c:\users\samyn\onedrive - hogeschool west-vlaanderen\documenten\dae\sem_3\gameplay programming\exam\gpp_exam\gpp_exam\zombiegame\project\_temp\debug\gpp_exam.tlog\link.write.2u.tlog
